 DIRECTION OF INITIAL GUESS IS REPRESENTED IN GLOBAL COORDINATE
 BMAT is 0
&PARAM_WANNIER
 ICELL=0          ,
 N_WANNIER=5          ,
 N_INITIAL_GUESS=5          ,
 EPS_SPILLAGE=  1.0000000000000000E-004,
 DAMP= 0.10000000000000001     ,
 EPS_SPREAD=  1.0000000000000000E-004,
 MAX_STEP_LENGTH=  4.0000000000000000     ,
 LOWER_ENERGY_WINDOW=  14.968999999999999     ,
 UPPER_ENERGY_WINDOW=  20.908999999999999     ,
 SET_INNER_WINDOW=F,
 UPPER_INNER_WINDOW=  0.0000000000000000     ,
 LOWER_INNER_WINDOW=  0.0000000000000000     ,
 FLG_BMAT=0          ,
 READING_BMAT_FORMAT=0          ,
 FLG_INITIAL_GUESS_DIREC=0          ,
 FLG_VIS_BLOCH=0          ,
 CALC_K= 3*0.0000000000000000       ,
 ELECTRON_NUMBER_WANNIER_SPACE=  0.0000000000000000     ,
 FLG_FERMISURFACE=0          ,
 FLG_GLOBAL_DOS=0          ,
 FLG_SPECIFY_ENERGYWINDOW=T,
 FLG_SPECIFY_BANDINDICES=F,
 BANDINDEX_MIN=0          ,
 BANDINDEX_MAX=0          ,
 /
dxy   0.2000  0.0000  0.0000  0.0000  1.0000  0.0000  0.0000  0.0000  1.0000  0.0000  0.0000  0.0000  1.0000  1.0000  0.0000  0.0000  0.0000  0.0000  0.0000  1.0000  0.0000
dyz   0.2000  0.0000  0.0000  0.0000  1.0000  0.0000  0.0000  0.0000  1.0000  0.0000  0.0000  0.0000  1.0000  1.0000  0.0000  0.0000  0.0000  0.0000  0.0000  1.0000  0.0000
dzx   0.2000  0.0000  0.0000  0.0000  1.0000  0.0000  0.0000  0.0000  1.0000  0.0000  0.0000  0.0000  1.0000  1.0000  0.0000  0.0000  0.0000  0.0000  0.0000  1.0000  0.0000
dz2   0.2000  0.0000  0.0000  0.0000  1.0000  0.0000  0.0000  0.0000  1.0000  0.0000  0.0000  0.0000  1.0000  1.0000  0.0000  0.0000  0.0000  0.0000  0.0000  1.0000  0.0000
dx2   0.2000  0.0000  0.0000  0.0000  1.0000  0.0000  0.0000  0.0000  1.0000  0.0000  0.0000  0.0000  1.0000  1.0000  0.0000  0.0000  0.0000  0.0000  0.0000  1.0000  0.0000
   1.00000   0.00000   0.00000   0.00000   0.00000
   0.00000   1.00000   0.00000   0.00000   0.00000
   0.00000   0.00000   1.00000   0.00000   0.00000
   0.00000   0.00000   0.00000   1.00000   0.00000
   0.00000   0.00000   0.00000   0.00000   1.00000

 READING SK_sym_pts format=0: respack
&PARAM_INTERPOLATION
 N_SYM_POINTS=5          ,
 NDIV=40         ,
 READING_SK_FORMAT=0          ,
 DENSE= 3*0          ,
 /
   0.50000   0.50000   0.50000
   0.00000   0.00000   0.00000
   0.50000   0.00000   0.50000
   0.50000   0.25000   0.75000
   0.50000   0.50000   0.50000

